c:\vsrepos\algorithmbycpp\algorithmbycpp\x64\debug\vc142.pdb
c:\vsrepos\algorithmbycpp\algorithmbycpp\x64\debug\vc142.idb
c:\vsrepos\algorithmbycpp\algorithmbycpp\x64\debug\utils.obj
c:\vsrepos\algorithmbycpp\algorithmbycpp\x64\debug\runtest.obj
c:\vsrepos\algorithmbycpp\algorithmbycpp\x64\debug\lintcode_test.obj
c:\vsrepos\algorithmbycpp\x64\debug\algorithmbycpp.pdb
c:\vsrepos\algorithmbycpp\algorithmbycpp\x64\debug\algorithmbycpp.tlog\cl.command.1.tlog
c:\vsrepos\algorithmbycpp\algorithmbycpp\x64\debug\algorithmbycpp.tlog\cl.read.1.tlog
c:\vsrepos\algorithmbycpp\algorithmbycpp\x64\debug\algorithmbycpp.tlog\cl.write.1.tlog
c:\vsrepos\algorithmbycpp\algorithmbycpp\x64\debug\algorithmbycpp.tlog\link-cvtres.read.1.tlog
c:\vsrepos\algorithmbycpp\algorithmbycpp\x64\debug\algorithmbycpp.tlog\link-cvtres.write.1.tlog
c:\vsrepos\algorithmbycpp\algorithmbycpp\x64\debug\algorithmbycpp.tlog\link-rc.read.1.tlog
c:\vsrepos\algorithmbycpp\algorithmbycpp\x64\debug\algorithmbycpp.tlog\link-rc.write.1.tlog
c:\vsrepos\algorithmbycpp\algorithmbycpp\x64\debug\algorithmbycpp.tlog\link.5884-cvtres.read.1.tlog
c:\vsrepos\algorithmbycpp\algorithmbycpp\x64\debug\algorithmbycpp.tlog\link.5884-cvtres.write.1.tlog
c:\vsrepos\algorithmbycpp\algorithmbycpp\x64\debug\algorithmbycpp.tlog\link.5884-rc.read.1.tlog
c:\vsrepos\algorithmbycpp\algorithmbycpp\x64\debug\algorithmbycpp.tlog\link.5884-rc.write.1.tlog
c:\vsrepos\algorithmbycpp\algorithmbycpp\x64\debug\algorithmbycpp.tlog\link.5884.read.1.tlog
c:\vsrepos\algorithmbycpp\algorithmbycpp\x64\debug\algorithmbycpp.tlog\link.5884.write.1.tlog
c:\vsrepos\algorithmbycpp\algorithmbycpp\x64\debug\algorithmbycpp.tlog\link.command.1.tlog
c:\vsrepos\algorithmbycpp\algorithmbycpp\x64\debug\algorithmbycpp.tlog\link.read.1.tlog
c:\vsrepos\algorithmbycpp\algorithmbycpp\x64\debug\algorithmbycpp.tlog\link.write.1.tlog
